<?xml version="1.0" encoding="UTF-8"?>
<!-- Generated by org.testng.reporters.JUnitReportReporter -->
<testsuite hostname="DESKTOP-B3U7QCM" failures="0" tests="1" name="DatafromFile" time="3.319" errors="0" timestamp="2023-02-22T14:45:29 IST" skipped="0">
  <testcase classname="DatafromFile" name="addbook" time="3.319"/>
  <system-out/>
</testsuite> <!-- DatafromFile -->
