<?xml version="1.0" encoding="UTF-8"?>
<!-- Generated by org.testng.reporters.JUnitReportReporter -->
<testsuite hostname="DESKTOP-B3U7QCM" failures="0" tests="3" name="Dynamic_API" time="9.306" errors="0" timestamp="2023-02-22T14:44:22 IST" skipped="0">
  <testcase classname="Dynamic_API" name="addbook" time="8.962"/>
  <system-out/>
  <testcase classname="Dynamic_API" name="addbook" time="0.197"/>
  <system-out/>
  <testcase classname="Dynamic_API" name="addbook" time="0.147"/>
  <system-out/>
</testsuite> <!-- Dynamic_API -->
