<?xml version="1.0" encoding="UTF-8"?>
<!-- Generated by org.testng.reporters.JUnitReportReporter -->
<testsuite hostname="DESKTOP-B3U7QCM" failures="0" tests="1" name="Library_Parameters" time="2.668" errors="0" timestamp="2023-02-22T14:42:38 IST" skipped="0">
  <testcase classname="Library_Parameters" name="addbook" time="2.668"/>
  <system-out/>
</testsuite> <!-- Library_Parameters -->
